<?xml version="1.0" encoding="UTF-8"?>
<!-- Generated by org.testng.reporters.JUnitReportReporter -->
<testsuite hostname="DESKTOP-T138PML" name="com.TestCases.AssignmentTestCase" tests="1" failures="0" timestamp="18 Jan 2020 07:53:31 GMT" time="20.545" errors="0">
  <testcase name="LoginTest" time="20.545" classname="com.TestCases.AssignmentTestCase"/>
</testsuite> <!-- com.TestCases.AssignmentTestCase -->
